{"level":"info","message":"[mb:5000] POST /imposters","timestamp":"2021-10-28T15:32:33.046Z"}
{"level":"info","message":"[mb:5000] mountebank v2.5.0 now taking orders - point your browser to http://localhost:5000/ for help","timestamp":"2021-10-28T15:32:33.021Z"}
{"level":"info","message":"[http:8181] Open for business...","timestamp":"2021-10-28T15:32:33.087Z"}
{"level":"info","message":"[mb:5000] POST /imposters","timestamp":"2021-10-28T15:32:33.097Z"}
{"level":"info","message":"[http:9282] Open for business...","timestamp":"2021-10-28T15:32:33.103Z"}
{"level":"info","message":"[mb:5000] POST /imposters","timestamp":"2021-10-28T15:32:33.105Z"}
{"level":"info","message":"[http:3001] Open for business...","timestamp":"2021-10-28T15:32:33.117Z"}
{"level":"info","message":"[mb:5000] GET /","timestamp":"2021-10-28T15:32:55.953Z"}
{"level":"info","message":"[mb:5000] GET /imposters","timestamp":"2021-10-28T15:33:04.454Z"}
{"level":"info","message":"[mb:5000] GET /imposters/3001/stubs","timestamp":"2021-10-28T15:33:14.112Z"}
{"level":"info","message":"[mb:5000] GET /imposters/3001/","timestamp":"2021-10-28T15:33:20.532Z"}
{"level":"info","message":"[mb:5000] GET /","timestamp":"2021-10-28T15:34:42.586Z"}
{"level":"info","message":"[mb:5000] GET /imposters","timestamp":"2021-10-28T15:34:52.884Z"}
{"level":"info","message":"[mb:5000] GET /imposters/9282","timestamp":"2021-10-28T15:35:17.590Z"}
{"level":"info","message":"[http:9282] ::1:53233 => PUT /demo","timestamp":"2021-10-28T15:35:43.214Z"}
{"level":"info","message":"[http:9282] ::1:53239 => PUT /demo/","timestamp":"2021-10-28T15:35:50.646Z"}
{"level":"info","message":"[http:9282] no predicate match, using default response","timestamp":"2021-10-28T15:35:50.651Z"}
{"level":"info","message":"[http:9282] ::1:49998 => PUT /demo","timestamp":"2021-10-28T15:35:57.923Z"}
{"level":"info","message":"[http:3001] ::1:50360 => GET /?query=0","timestamp":"2021-10-28T15:36:06.635Z"}
{"level":"info","message":"[http:3001] ::1:50363 => GET /?query=1","timestamp":"2021-10-28T15:36:11.502Z"}
{"level":"info","message":"[http:3001] ::1:50367 => GET /?query=0","timestamp":"2021-10-28T15:36:15.938Z"}
{"level":"info","message":"[http:9282] ::1:50437 => PUT /demo","timestamp":"2021-10-28T15:40:05.377Z"}
{"level":"info","message":"[http:9282] ::ffff:192.168.1.15:50446 => GET /demo","timestamp":"2021-10-28T15:40:37.703Z"}
{"level":"info","message":"[http:9282] no predicate match, using default response","timestamp":"2021-10-28T15:40:37.709Z"}
{"level":"info","message":"[http:9282] ::ffff:192.168.1.15:50448 => GET /favicon.ico","timestamp":"2021-10-28T15:40:39.063Z"}
{"level":"info","message":"[http:9282] no predicate match, using default response","timestamp":"2021-10-28T15:40:39.064Z"}
{"level":"info","message":"[http:9282] ::ffff:192.168.1.15:50449 => GET /demo","timestamp":"2021-10-28T15:40:43.103Z"}
{"level":"info","message":"[http:9282] no predicate match, using default response","timestamp":"2021-10-28T15:40:43.106Z"}
{"level":"info","message":"[http:9282] ::ffff:192.168.1.15:50450 => GET /favicon.ico","timestamp":"2021-10-28T15:40:43.486Z"}
{"level":"info","message":"[http:9282] no predicate match, using default response","timestamp":"2021-10-28T15:40:43.489Z"}
{"level":"info","message":"[http:9282] ::ffff:192.168.1.15:50459 => PUT /demo","timestamp":"2021-10-28T15:41:08.052Z"}
{"level":"info","message":"[mb:5000] PUT /","timestamp":"2021-10-28T15:41:46.507Z"}
